------------------------------
Wed Jan 10 2018 1:58:36 AM
GET /index.html
HEADERS=> {
  "host": "localhost:5000",
  "connection": "keep-alive",
  "user-agent": "Mozilla/5.0 (Macintosh; Intel Mac OS X 10_12_6) AppleWebKit/537.36 (KHTML, like Gecko) Chrome/63.0.3239.132 Safari/537.36",
  "upgrade-insecure-requests": "1",
  "accept": "text/html,application/xhtml+xml,application/xml;q=0.9,image/webp,image/apng,*/*;q=0.8",
  "accept-encoding": "gzip, deflate, br",
  "accept-language": "en-US,en;q=0.9",
  "cookie": "sessionid=1515528840486"
}
COOKIES=> {
  "sessionid": "1515528840486"
}
BODY=> {}
------------------------------
Wed Jan 10 2018 1:58:36 AM
GET /css/stylesheet.css
HEADERS=> {
  "host": "localhost:5000",
  "connection": "keep-alive",
  "user-agent": "Mozilla/5.0 (Macintosh; Intel Mac OS X 10_12_6) AppleWebKit/537.36 (KHTML, like Gecko) Chrome/63.0.3239.132 Safari/537.36",
  "accept": "text/css,*/*;q=0.1",
  "referer": "http://localhost:5000/index.html",
  "accept-encoding": "gzip, deflate, br",
  "accept-language": "en-US,en;q=0.9",
  "cookie": "sessionid=1515528840486"
}
COOKIES=> {
  "sessionid": "1515528840486"
}
BODY=> {}
------------------------------
Wed Jan 10 2018 1:58:36 AM
GET /images/freshorigins.jpg
HEADERS=> {
  "host": "localhost:5000",
  "connection": "keep-alive",
  "user-agent": "Mozilla/5.0 (Macintosh; Intel Mac OS X 10_12_6) AppleWebKit/537.36 (KHTML, like Gecko) Chrome/63.0.3239.132 Safari/537.36",
  "accept": "image/webp,image/apng,image/*,*/*;q=0.8",
  "referer": "http://localhost:5000/index.html",
  "accept-encoding": "gzip, deflate, br",
  "accept-language": "en-US,en;q=0.9",
  "cookie": "sessionid=1515528840486"
}
COOKIES=> {
  "sessionid": "1515528840486"
}
BODY=> {}
------------------------------
Wed Jan 10 2018 1:58:36 AM
GET /images/animated-flower-image.gif
HEADERS=> {
  "host": "localhost:5000",
  "connection": "keep-alive",
  "user-agent": "Mozilla/5.0 (Macintosh; Intel Mac OS X 10_12_6) AppleWebKit/537.36 (KHTML, like Gecko) Chrome/63.0.3239.132 Safari/537.36",
  "accept": "image/webp,image/apng,image/*,*/*;q=0.8",
  "referer": "http://localhost:5000/index.html",
  "accept-encoding": "gzip, deflate, br",
  "accept-language": "en-US,en;q=0.9",
  "cookie": "sessionid=1515528840486"
}
COOKIES=> {
  "sessionid": "1515528840486"
}
BODY=> {}
------------------------------
Wed Jan 10 2018 1:58:38 AM
GET /guest-page.html
HEADERS=> {
  "host": "localhost:5000",
  "connection": "keep-alive",
  "upgrade-insecure-requests": "1",
  "user-agent": "Mozilla/5.0 (Macintosh; Intel Mac OS X 10_12_6) AppleWebKit/537.36 (KHTML, like Gecko) Chrome/63.0.3239.132 Safari/537.36",
  "accept": "text/html,application/xhtml+xml,application/xml;q=0.9,image/webp,image/apng,*/*;q=0.8",
  "referer": "http://localhost:5000/index.html",
  "accept-encoding": "gzip, deflate, br",
  "accept-language": "en-US,en;q=0.9",
  "cookie": "sessionid=1515528840486"
}
COOKIES=> {
  "sessionid": "1515528840486"
}
BODY=> {}
------------------------------
Wed Jan 10 2018 1:58:38 AM
GET /js/renderData.js
HEADERS=> {
  "host": "localhost:5000",
  "connection": "keep-alive",
  "user-agent": "Mozilla/5.0 (Macintosh; Intel Mac OS X 10_12_6) AppleWebKit/537.36 (KHTML, like Gecko) Chrome/63.0.3239.132 Safari/537.36",
  "accept": "*/*",
  "referer": "http://localhost:5000/guest-page.html",
  "accept-encoding": "gzip, deflate, br",
  "accept-language": "en-US,en;q=0.9",
  "cookie": "sessionid=1515528840486"
}
COOKIES=> {
  "sessionid": "1515528840486"
}
BODY=> {}
------------------------------
Wed Jan 10 2018 1:58:38 AM
GET /css/stylesheet.css
HEADERS=> {
  "host": "localhost:5000",
  "connection": "keep-alive",
  "user-agent": "Mozilla/5.0 (Macintosh; Intel Mac OS X 10_12_6) AppleWebKit/537.36 (KHTML, like Gecko) Chrome/63.0.3239.132 Safari/537.36",
  "accept": "text/css,*/*;q=0.1",
  "referer": "http://localhost:5000/guest-page.html",
  "accept-encoding": "gzip, deflate, br",
  "accept-language": "en-US,en;q=0.9",
  "cookie": "sessionid=1515528840486"
}
COOKIES=> {
  "sessionid": "1515528840486"
}
BODY=> {}
------------------------------
Wed Jan 10 2018 1:58:38 AM
GET /data
HEADERS=> {
  "host": "localhost:5000",
  "connection": "keep-alive",
  "user-agent": "Mozilla/5.0 (Macintosh; Intel Mac OS X 10_12_6) AppleWebKit/537.36 (KHTML, like Gecko) Chrome/63.0.3239.132 Safari/537.36",
  "accept": "*/*",
  "referer": "http://localhost:5000/guest-page.html",
  "accept-encoding": "gzip, deflate, br",
  "accept-language": "en-US,en;q=0.9",
  "cookie": "sessionid=1515528840486"
}
COOKIES=> {
  "sessionid": "1515528840486"
}
BODY=> {}
------------------------------
Wed Jan 10 2018 1:58:57 AM
POST /login
HEADERS=> {
  "host": "localhost:5000",
  "connection": "keep-alive",
  "content-length": "17",
  "cache-control": "max-age=0",
  "origin": "http://localhost:5000",
  "upgrade-insecure-requests": "1",
  "content-type": "application/x-www-form-urlencoded",
  "user-agent": "Mozilla/5.0 (Macintosh; Intel Mac OS X 10_12_6) AppleWebKit/537.36 (KHTML, like Gecko) Chrome/63.0.3239.132 Safari/537.36",
  "accept": "text/html,application/xhtml+xml,application/xml;q=0.9,image/webp,image/apng,*/*;q=0.8",
  "referer": "http://localhost:5000/guest-page.html",
  "accept-encoding": "gzip, deflate, br",
  "accept-language": "en-US,en;q=0.9",
  "cookie": "sessionid=1515528840486"
}
COOKIES=> {
  "sessionid": "1515528840486"
}
BODY=> {
  "userName": "ravinder"
}
------------------------------
Wed Jan 10 2018 1:58:57 AM
GET /guest-page.html
HEADERS=> {
  "host": "localhost:5000",
  "connection": "keep-alive",
  "cache-control": "max-age=0",
  "upgrade-insecure-requests": "1",
  "user-agent": "Mozilla/5.0 (Macintosh; Intel Mac OS X 10_12_6) AppleWebKit/537.36 (KHTML, like Gecko) Chrome/63.0.3239.132 Safari/537.36",
  "accept": "text/html,application/xhtml+xml,application/xml;q=0.9,image/webp,image/apng,*/*;q=0.8",
  "referer": "http://localhost:5000/guest-page.html",
  "accept-encoding": "gzip, deflate, br",
  "accept-language": "en-US,en;q=0.9",
  "cookie": "sessionid=1515529737958"
}
COOKIES=> {
  "sessionid": "1515529737958"
}
BODY=> {}
------------------------------
Wed Jan 10 2018 1:58:57 AM
GET /js/renderData.js
HEADERS=> {
  "host": "localhost:5000",
  "connection": "keep-alive",
  "user-agent": "Mozilla/5.0 (Macintosh; Intel Mac OS X 10_12_6) AppleWebKit/537.36 (KHTML, like Gecko) Chrome/63.0.3239.132 Safari/537.36",
  "accept": "*/*",
  "referer": "http://localhost:5000/guest-page.html",
  "accept-encoding": "gzip, deflate, br",
  "accept-language": "en-US,en;q=0.9",
  "cookie": "sessionid=1515529737958"
}
COOKIES=> {
  "sessionid": "1515529737958"
}
BODY=> {}
------------------------------
Wed Jan 10 2018 1:58:57 AM
GET /css/stylesheet.css
HEADERS=> {
  "host": "localhost:5000",
  "connection": "keep-alive",
  "user-agent": "Mozilla/5.0 (Macintosh; Intel Mac OS X 10_12_6) AppleWebKit/537.36 (KHTML, like Gecko) Chrome/63.0.3239.132 Safari/537.36",
  "accept": "text/css,*/*;q=0.1",
  "referer": "http://localhost:5000/guest-page.html",
  "accept-encoding": "gzip, deflate, br",
  "accept-language": "en-US,en;q=0.9",
  "cookie": "sessionid=1515529737958"
}
COOKIES=> {
  "sessionid": "1515529737958"
}
BODY=> {}
------------------------------
Wed Jan 10 2018 1:58:57 AM
GET /data
HEADERS=> {
  "host": "localhost:5000",
  "connection": "keep-alive",
  "user-agent": "Mozilla/5.0 (Macintosh; Intel Mac OS X 10_12_6) AppleWebKit/537.36 (KHTML, like Gecko) Chrome/63.0.3239.132 Safari/537.36",
  "accept": "*/*",
  "referer": "http://localhost:5000/guest-page.html",
  "accept-encoding": "gzip, deflate, br",
  "accept-language": "en-US,en;q=0.9",
  "cookie": "sessionid=1515529737958"
}
COOKIES=> {
  "sessionid": "1515529737958"
}
BODY=> {}
------------------------------
Wed Jan 10 2018 1:59:13 AM
POST /guest-page.html
HEADERS=> {
  "host": "localhost:5000",
  "connection": "keep-alive",
  "content-length": "21",
  "cache-control": "max-age=0",
  "origin": "http://localhost:5000",
  "upgrade-insecure-requests": "1",
  "content-type": "application/x-www-form-urlencoded",
  "user-agent": "Mozilla/5.0 (Macintosh; Intel Mac OS X 10_12_6) AppleWebKit/537.36 (KHTML, like Gecko) Chrome/63.0.3239.132 Safari/537.36",
  "accept": "text/html,application/xhtml+xml,application/xml;q=0.9,image/webp,image/apng,*/*;q=0.8",
  "referer": "http://localhost:5000/guest-page.html",
  "accept-encoding": "gzip, deflate, br",
  "accept-language": "en-US,en;q=0.9",
  "cookie": "sessionid=1515529737958"
}
COOKIES=> {
  "sessionid": "1515529737958"
}
BODY=> {
  "name": "Wow",
  "comment": "mera"
}
------------------------------
Wed Jan 10 2018 2:14:19 AM
GET /
HEADERS=> {
  "host": "localhost:5000",
  "connection": "keep-alive",
  "user-agent": "Mozilla/5.0 (Macintosh; Intel Mac OS X 10_12_6) AppleWebKit/537.36 (KHTML, like Gecko) Chrome/63.0.3239.132 Safari/537.36",
  "upgrade-insecure-requests": "1",
  "accept": "text/html,application/xhtml+xml,application/xml;q=0.9,image/webp,image/apng,*/*;q=0.8",
  "accept-encoding": "gzip, deflate, br",
  "accept-language": "en-US,en;q=0.9",
  "cookie": "sessionid=1515529737958"
}
COOKIES=> {
  "sessionid": "1515529737958"
}
BODY=> {}
------------------------------
Wed Jan 10 2018 2:14:19 AM
GET /css/stylesheet.css
HEADERS=> {
  "host": "localhost:5000",
  "connection": "keep-alive",
  "user-agent": "Mozilla/5.0 (Macintosh; Intel Mac OS X 10_12_6) AppleWebKit/537.36 (KHTML, like Gecko) Chrome/63.0.3239.132 Safari/537.36",
  "accept": "text/css,*/*;q=0.1",
  "referer": "http://localhost:5000/",
  "accept-encoding": "gzip, deflate, br",
  "accept-language": "en-US,en;q=0.9",
  "cookie": "sessionid=1515529737958"
}
COOKIES=> {
  "sessionid": "1515529737958"
}
BODY=> {}
------------------------------
Wed Jan 10 2018 2:14:19 AM
GET /images/freshorigins.jpg
HEADERS=> {
  "host": "localhost:5000",
  "connection": "keep-alive",
  "user-agent": "Mozilla/5.0 (Macintosh; Intel Mac OS X 10_12_6) AppleWebKit/537.36 (KHTML, like Gecko) Chrome/63.0.3239.132 Safari/537.36",
  "accept": "image/webp,image/apng,image/*,*/*;q=0.8",
  "referer": "http://localhost:5000/",
  "accept-encoding": "gzip, deflate, br",
  "accept-language": "en-US,en;q=0.9",
  "cookie": "sessionid=1515529737958"
}
COOKIES=> {
  "sessionid": "1515529737958"
}
BODY=> {}
------------------------------
Wed Jan 10 2018 2:14:19 AM
GET /images/animated-flower-image.gif
HEADERS=> {
  "host": "localhost:5000",
  "connection": "keep-alive",
  "user-agent": "Mozilla/5.0 (Macintosh; Intel Mac OS X 10_12_6) AppleWebKit/537.36 (KHTML, like Gecko) Chrome/63.0.3239.132 Safari/537.36",
  "accept": "image/webp,image/apng,image/*,*/*;q=0.8",
  "referer": "http://localhost:5000/",
  "accept-encoding": "gzip, deflate, br",
  "accept-language": "en-US,en;q=0.9",
  "cookie": "sessionid=1515529737958"
}
COOKIES=> {
  "sessionid": "1515529737958"
}
BODY=> {}
------------------------------
Wed Jan 10 2018 2:14:22 AM
GET /guest-page.html
HEADERS=> {
  "host": "localhost:5000",
  "connection": "keep-alive",
  "upgrade-insecure-requests": "1",
  "user-agent": "Mozilla/5.0 (Macintosh; Intel Mac OS X 10_12_6) AppleWebKit/537.36 (KHTML, like Gecko) Chrome/63.0.3239.132 Safari/537.36",
  "accept": "text/html,application/xhtml+xml,application/xml;q=0.9,image/webp,image/apng,*/*;q=0.8",
  "referer": "http://localhost:5000/",
  "accept-encoding": "gzip, deflate, br",
  "accept-language": "en-US,en;q=0.9",
  "cookie": "sessionid=1515529737958"
}
COOKIES=> {
  "sessionid": "1515529737958"
}
BODY=> {}
------------------------------
Wed Jan 10 2018 2:14:22 AM
GET /js/renderData.js
HEADERS=> {
  "host": "localhost:5000",
  "connection": "keep-alive",
  "user-agent": "Mozilla/5.0 (Macintosh; Intel Mac OS X 10_12_6) AppleWebKit/537.36 (KHTML, like Gecko) Chrome/63.0.3239.132 Safari/537.36",
  "accept": "*/*",
  "referer": "http://localhost:5000/guest-page.html",
  "accept-encoding": "gzip, deflate, br",
  "accept-language": "en-US,en;q=0.9",
  "cookie": "sessionid=1515529737958"
}
COOKIES=> {
  "sessionid": "1515529737958"
}
BODY=> {}
------------------------------
Wed Jan 10 2018 2:14:22 AM
GET /css/stylesheet.css
HEADERS=> {
  "host": "localhost:5000",
  "connection": "keep-alive",
  "user-agent": "Mozilla/5.0 (Macintosh; Intel Mac OS X 10_12_6) AppleWebKit/537.36 (KHTML, like Gecko) Chrome/63.0.3239.132 Safari/537.36",
  "accept": "text/css,*/*;q=0.1",
  "referer": "http://localhost:5000/guest-page.html",
  "accept-encoding": "gzip, deflate, br",
  "accept-language": "en-US,en;q=0.9",
  "cookie": "sessionid=1515529737958"
}
COOKIES=> {
  "sessionid": "1515529737958"
}
BODY=> {}
------------------------------
Wed Jan 10 2018 2:14:22 AM
GET /data
HEADERS=> {
  "host": "localhost:5000",
  "connection": "keep-alive",
  "user-agent": "Mozilla/5.0 (Macintosh; Intel Mac OS X 10_12_6) AppleWebKit/537.36 (KHTML, like Gecko) Chrome/63.0.3239.132 Safari/537.36",
  "accept": "*/*",
  "referer": "http://localhost:5000/guest-page.html",
  "accept-encoding": "gzip, deflate, br",
  "accept-language": "en-US,en;q=0.9",
  "cookie": "sessionid=1515529737958"
}
COOKIES=> {
  "sessionid": "1515529737958"
}
BODY=> {}
------------------------------
Wed Jan 10 2018 2:14:29 AM
POST /login
HEADERS=> {
  "host": "localhost:5000",
  "connection": "keep-alive",
  "content-length": "17",
  "cache-control": "max-age=0",
  "origin": "http://localhost:5000",
  "upgrade-insecure-requests": "1",
  "content-type": "application/x-www-form-urlencoded",
  "user-agent": "Mozilla/5.0 (Macintosh; Intel Mac OS X 10_12_6) AppleWebKit/537.36 (KHTML, like Gecko) Chrome/63.0.3239.132 Safari/537.36",
  "accept": "text/html,application/xhtml+xml,application/xml;q=0.9,image/webp,image/apng,*/*;q=0.8",
  "referer": "http://localhost:5000/guest-page.html",
  "accept-encoding": "gzip, deflate, br",
  "accept-language": "en-US,en;q=0.9",
  "cookie": "sessionid=1515529737958"
}
COOKIES=> {
  "sessionid": "1515529737958"
}
BODY=> {
  "userName": "ravinder"
}
------------------------------
Wed Jan 10 2018 2:14:29 AM
GET /guest-page.html
HEADERS=> {
  "host": "localhost:5000",
  "connection": "keep-alive",
  "cache-control": "max-age=0",
  "upgrade-insecure-requests": "1",
  "user-agent": "Mozilla/5.0 (Macintosh; Intel Mac OS X 10_12_6) AppleWebKit/537.36 (KHTML, like Gecko) Chrome/63.0.3239.132 Safari/537.36",
  "accept": "text/html,application/xhtml+xml,application/xml;q=0.9,image/webp,image/apng,*/*;q=0.8",
  "referer": "http://localhost:5000/guest-page.html",
  "accept-encoding": "gzip, deflate, br",
  "accept-language": "en-US,en;q=0.9",
  "cookie": "sessionid=1515530669587"
}
COOKIES=> {
  "sessionid": "1515530669587"
}
BODY=> {}
------------------------------
Wed Jan 10 2018 2:14:29 AM
GET /js/renderData.js
HEADERS=> {
  "host": "localhost:5000",
  "connection": "keep-alive",
  "user-agent": "Mozilla/5.0 (Macintosh; Intel Mac OS X 10_12_6) AppleWebKit/537.36 (KHTML, like Gecko) Chrome/63.0.3239.132 Safari/537.36",
  "accept": "*/*",
  "referer": "http://localhost:5000/guest-page.html",
  "accept-encoding": "gzip, deflate, br",
  "accept-language": "en-US,en;q=0.9",
  "cookie": "sessionid=1515530669587"
}
COOKIES=> {
  "sessionid": "1515530669587"
}
BODY=> {}
------------------------------
Wed Jan 10 2018 2:14:29 AM
GET /css/stylesheet.css
HEADERS=> {
  "host": "localhost:5000",
  "connection": "keep-alive",
  "user-agent": "Mozilla/5.0 (Macintosh; Intel Mac OS X 10_12_6) AppleWebKit/537.36 (KHTML, like Gecko) Chrome/63.0.3239.132 Safari/537.36",
  "accept": "text/css,*/*;q=0.1",
  "referer": "http://localhost:5000/guest-page.html",
  "accept-encoding": "gzip, deflate, br",
  "accept-language": "en-US,en;q=0.9",
  "cookie": "sessionid=1515530669587"
}
COOKIES=> {
  "sessionid": "1515530669587"
}
BODY=> {}
------------------------------
Wed Jan 10 2018 2:14:29 AM
GET /data
HEADERS=> {
  "host": "localhost:5000",
  "connection": "keep-alive",
  "user-agent": "Mozilla/5.0 (Macintosh; Intel Mac OS X 10_12_6) AppleWebKit/537.36 (KHTML, like Gecko) Chrome/63.0.3239.132 Safari/537.36",
  "accept": "*/*",
  "referer": "http://localhost:5000/guest-page.html",
  "accept-encoding": "gzip, deflate, br",
  "accept-language": "en-US,en;q=0.9",
  "cookie": "sessionid=1515530669587"
}
COOKIES=> {
  "sessionid": "1515530669587"
}
BODY=> {}
------------------------------
Wed Jan 10 2018 2:15:44 AM
GET /
HEADERS=> {
  "host": "localhost:5000",
  "connection": "keep-alive",
  "user-agent": "Mozilla/5.0 (Macintosh; Intel Mac OS X 10_12_6) AppleWebKit/537.36 (KHTML, like Gecko) Chrome/63.0.3239.132 Safari/537.36",
  "upgrade-insecure-requests": "1",
  "accept": "text/html,application/xhtml+xml,application/xml;q=0.9,image/webp,image/apng,*/*;q=0.8",
  "accept-encoding": "gzip, deflate, br",
  "accept-language": "en-US,en;q=0.9",
  "cookie": "sessionid=1515530669587"
}
COOKIES=> {
  "sessionid": "1515530669587"
}
BODY=> {}
------------------------------
Wed Jan 10 2018 2:15:44 AM
GET /css/stylesheet.css
HEADERS=> {
  "host": "localhost:5000",
  "connection": "keep-alive",
  "user-agent": "Mozilla/5.0 (Macintosh; Intel Mac OS X 10_12_6) AppleWebKit/537.36 (KHTML, like Gecko) Chrome/63.0.3239.132 Safari/537.36",
  "accept": "text/css,*/*;q=0.1",
  "referer": "http://localhost:5000/",
  "accept-encoding": "gzip, deflate, br",
  "accept-language": "en-US,en;q=0.9",
  "cookie": "sessionid=1515530669587"
}
COOKIES=> {
  "sessionid": "1515530669587"
}
BODY=> {}
------------------------------
Wed Jan 10 2018 2:15:44 AM
GET /images/freshorigins.jpg
HEADERS=> {
  "host": "localhost:5000",
  "connection": "keep-alive",
  "user-agent": "Mozilla/5.0 (Macintosh; Intel Mac OS X 10_12_6) AppleWebKit/537.36 (KHTML, like Gecko) Chrome/63.0.3239.132 Safari/537.36",
  "accept": "image/webp,image/apng,image/*,*/*;q=0.8",
  "referer": "http://localhost:5000/",
  "accept-encoding": "gzip, deflate, br",
  "accept-language": "en-US,en;q=0.9",
  "cookie": "sessionid=1515530669587"
}
COOKIES=> {
  "sessionid": "1515530669587"
}
BODY=> {}
------------------------------
Wed Jan 10 2018 2:15:44 AM
GET /images/animated-flower-image.gif
HEADERS=> {
  "host": "localhost:5000",
  "connection": "keep-alive",
  "user-agent": "Mozilla/5.0 (Macintosh; Intel Mac OS X 10_12_6) AppleWebKit/537.36 (KHTML, like Gecko) Chrome/63.0.3239.132 Safari/537.36",
  "accept": "image/webp,image/apng,image/*,*/*;q=0.8",
  "referer": "http://localhost:5000/",
  "accept-encoding": "gzip, deflate, br",
  "accept-language": "en-US,en;q=0.9",
  "cookie": "sessionid=1515530669587"
}
COOKIES=> {
  "sessionid": "1515530669587"
}
BODY=> {}
------------------------------
Wed Jan 10 2018 2:15:46 AM
GET /guest-page.html
HEADERS=> {
  "host": "localhost:5000",
  "connection": "keep-alive",
  "upgrade-insecure-requests": "1",
  "user-agent": "Mozilla/5.0 (Macintosh; Intel Mac OS X 10_12_6) AppleWebKit/537.36 (KHTML, like Gecko) Chrome/63.0.3239.132 Safari/537.36",
  "accept": "text/html,application/xhtml+xml,application/xml;q=0.9,image/webp,image/apng,*/*;q=0.8",
  "referer": "http://localhost:5000/",
  "accept-encoding": "gzip, deflate, br",
  "accept-language": "en-US,en;q=0.9",
  "cookie": "sessionid=1515530669587"
}
COOKIES=> {
  "sessionid": "1515530669587"
}
BODY=> {}
------------------------------
Wed Jan 10 2018 2:15:46 AM
GET /js/renderData.js
HEADERS=> {
  "host": "localhost:5000",
  "connection": "keep-alive",
  "user-agent": "Mozilla/5.0 (Macintosh; Intel Mac OS X 10_12_6) AppleWebKit/537.36 (KHTML, like Gecko) Chrome/63.0.3239.132 Safari/537.36",
  "accept": "*/*",
  "referer": "http://localhost:5000/guest-page.html",
  "accept-encoding": "gzip, deflate, br",
  "accept-language": "en-US,en;q=0.9",
  "cookie": "sessionid=1515530669587"
}
COOKIES=> {
  "sessionid": "1515530669587"
}
BODY=> {}
------------------------------
Wed Jan 10 2018 2:15:46 AM
GET /css/stylesheet.css
HEADERS=> {
  "host": "localhost:5000",
  "connection": "keep-alive",
  "user-agent": "Mozilla/5.0 (Macintosh; Intel Mac OS X 10_12_6) AppleWebKit/537.36 (KHTML, like Gecko) Chrome/63.0.3239.132 Safari/537.36",
  "accept": "text/css,*/*;q=0.1",
  "referer": "http://localhost:5000/guest-page.html",
  "accept-encoding": "gzip, deflate, br",
  "accept-language": "en-US,en;q=0.9",
  "cookie": "sessionid=1515530669587"
}
COOKIES=> {
  "sessionid": "1515530669587"
}
BODY=> {}
------------------------------
Wed Jan 10 2018 2:15:46 AM
GET /data
HEADERS=> {
  "host": "localhost:5000",
  "connection": "keep-alive",
  "user-agent": "Mozilla/5.0 (Macintosh; Intel Mac OS X 10_12_6) AppleWebKit/537.36 (KHTML, like Gecko) Chrome/63.0.3239.132 Safari/537.36",
  "accept": "*/*",
  "referer": "http://localhost:5000/guest-page.html",
  "accept-encoding": "gzip, deflate, br",
  "accept-language": "en-US,en;q=0.9",
  "cookie": "sessionid=1515530669587"
}
COOKIES=> {
  "sessionid": "1515530669587"
}
BODY=> {}
------------------------------
Wed Jan 10 2018 2:15:50 AM
POST /login
HEADERS=> {
  "host": "localhost:5000",
  "connection": "keep-alive",
  "content-length": "17",
  "cache-control": "max-age=0",
  "origin": "http://localhost:5000",
  "upgrade-insecure-requests": "1",
  "content-type": "application/x-www-form-urlencoded",
  "user-agent": "Mozilla/5.0 (Macintosh; Intel Mac OS X 10_12_6) AppleWebKit/537.36 (KHTML, like Gecko) Chrome/63.0.3239.132 Safari/537.36",
  "accept": "text/html,application/xhtml+xml,application/xml;q=0.9,image/webp,image/apng,*/*;q=0.8",
  "referer": "http://localhost:5000/guest-page.html",
  "accept-encoding": "gzip, deflate, br",
  "accept-language": "en-US,en;q=0.9",
  "cookie": "sessionid=1515530669587"
}
COOKIES=> {
  "sessionid": "1515530669587"
}
BODY=> {
  "userName": "ravinder"
}
------------------------------
Wed Jan 10 2018 2:15:50 AM
GET /guest-page.html
HEADERS=> {
  "host": "localhost:5000",
  "connection": "keep-alive",
  "cache-control": "max-age=0",
  "upgrade-insecure-requests": "1",
  "user-agent": "Mozilla/5.0 (Macintosh; Intel Mac OS X 10_12_6) AppleWebKit/537.36 (KHTML, like Gecko) Chrome/63.0.3239.132 Safari/537.36",
  "accept": "text/html,application/xhtml+xml,application/xml;q=0.9,image/webp,image/apng,*/*;q=0.8",
  "referer": "http://localhost:5000/guest-page.html",
  "accept-encoding": "gzip, deflate, br",
  "accept-language": "en-US,en;q=0.9",
  "cookie": "sessionid=1515530750930"
}
COOKIES=> {
  "sessionid": "1515530750930"
}
BODY=> {}
------------------------------
Wed Jan 10 2018 2:15:50 AM
GET /js/renderData.js
HEADERS=> {
  "host": "localhost:5000",
  "connection": "keep-alive",
  "user-agent": "Mozilla/5.0 (Macintosh; Intel Mac OS X 10_12_6) AppleWebKit/537.36 (KHTML, like Gecko) Chrome/63.0.3239.132 Safari/537.36",
  "accept": "*/*",
  "referer": "http://localhost:5000/guest-page.html",
  "accept-encoding": "gzip, deflate, br",
  "accept-language": "en-US,en;q=0.9",
  "cookie": "sessionid=1515530750930"
}
COOKIES=> {
  "sessionid": "1515530750930"
}
BODY=> {}
------------------------------
Wed Jan 10 2018 2:15:50 AM
GET /css/stylesheet.css
HEADERS=> {
  "host": "localhost:5000",
  "connection": "keep-alive",
  "user-agent": "Mozilla/5.0 (Macintosh; Intel Mac OS X 10_12_6) AppleWebKit/537.36 (KHTML, like Gecko) Chrome/63.0.3239.132 Safari/537.36",
  "accept": "text/css,*/*;q=0.1",
  "referer": "http://localhost:5000/guest-page.html",
  "accept-encoding": "gzip, deflate, br",
  "accept-language": "en-US,en;q=0.9",
  "cookie": "sessionid=1515530750930"
}
COOKIES=> {
  "sessionid": "1515530750930"
}
BODY=> {}
------------------------------
Wed Jan 10 2018 2:15:50 AM
GET /data
HEADERS=> {
  "host": "localhost:5000",
  "connection": "keep-alive",
  "user-agent": "Mozilla/5.0 (Macintosh; Intel Mac OS X 10_12_6) AppleWebKit/537.36 (KHTML, like Gecko) Chrome/63.0.3239.132 Safari/537.36",
  "accept": "*/*",
  "referer": "http://localhost:5000/guest-page.html",
  "accept-encoding": "gzip, deflate, br",
  "accept-language": "en-US,en;q=0.9",
  "cookie": "sessionid=1515530750930"
}
COOKIES=> {
  "sessionid": "1515530750930"
}
BODY=> {}
------------------------------
Wed Jan 10 2018 2:16:02 AM
POST /submitComment
HEADERS=> {
  "host": "localhost:5000",
  "connection": "keep-alive",
  "content-length": "33",
  "cache-control": "max-age=0",
  "origin": "http://localhost:5000",
  "upgrade-insecure-requests": "1",
  "content-type": "application/x-www-form-urlencoded",
  "user-agent": "Mozilla/5.0 (Macintosh; Intel Mac OS X 10_12_6) AppleWebKit/537.36 (KHTML, like Gecko) Chrome/63.0.3239.132 Safari/537.36",
  "accept": "text/html,application/xhtml+xml,application/xml;q=0.9,image/webp,image/apng,*/*;q=0.8",
  "referer": "http://localhost:5000/guest-page.html",
  "accept-encoding": "gzip, deflate, br",
  "accept-language": "en-US,en;q=0.9",
  "cookie": "sessionid=1515530750930"
}
COOKIES=> {
  "sessionid": "1515530750930"
}
BODY=> {
  "name": "Ravinder",
  "comment": "New+comment"
}
------------------------------
Wed Jan 10 2018 2:16:46 AM
GET /
HEADERS=> {
  "host": "localhost:5000",
  "connection": "keep-alive",
  "user-agent": "Mozilla/5.0 (Macintosh; Intel Mac OS X 10_12_6) AppleWebKit/537.36 (KHTML, like Gecko) Chrome/63.0.3239.132 Safari/537.36",
  "upgrade-insecure-requests": "1",
  "accept": "text/html,application/xhtml+xml,application/xml;q=0.9,image/webp,image/apng,*/*;q=0.8",
  "accept-encoding": "gzip, deflate, br",
  "accept-language": "en-US,en;q=0.9",
  "cookie": "sessionid=1515530750930"
}
COOKIES=> {
  "sessionid": "1515530750930"
}
BODY=> {}
------------------------------
Wed Jan 10 2018 2:16:46 AM
GET /css/stylesheet.css
HEADERS=> {
  "host": "localhost:5000",
  "connection": "keep-alive",
  "user-agent": "Mozilla/5.0 (Macintosh; Intel Mac OS X 10_12_6) AppleWebKit/537.36 (KHTML, like Gecko) Chrome/63.0.3239.132 Safari/537.36",
  "accept": "text/css,*/*;q=0.1",
  "referer": "http://localhost:5000/",
  "accept-encoding": "gzip, deflate, br",
  "accept-language": "en-US,en;q=0.9",
  "cookie": "sessionid=1515530750930"
}
COOKIES=> {
  "sessionid": "1515530750930"
}
BODY=> {}
------------------------------
Wed Jan 10 2018 2:16:46 AM
GET /images/freshorigins.jpg
HEADERS=> {
  "host": "localhost:5000",
  "connection": "keep-alive",
  "user-agent": "Mozilla/5.0 (Macintosh; Intel Mac OS X 10_12_6) AppleWebKit/537.36 (KHTML, like Gecko) Chrome/63.0.3239.132 Safari/537.36",
  "accept": "image/webp,image/apng,image/*,*/*;q=0.8",
  "referer": "http://localhost:5000/",
  "accept-encoding": "gzip, deflate, br",
  "accept-language": "en-US,en;q=0.9",
  "cookie": "sessionid=1515530750930"
}
COOKIES=> {
  "sessionid": "1515530750930"
}
BODY=> {}
------------------------------
Wed Jan 10 2018 2:16:46 AM
GET /images/animated-flower-image.gif
HEADERS=> {
  "host": "localhost:5000",
  "connection": "keep-alive",
  "user-agent": "Mozilla/5.0 (Macintosh; Intel Mac OS X 10_12_6) AppleWebKit/537.36 (KHTML, like Gecko) Chrome/63.0.3239.132 Safari/537.36",
  "accept": "image/webp,image/apng,image/*,*/*;q=0.8",
  "referer": "http://localhost:5000/",
  "accept-encoding": "gzip, deflate, br",
  "accept-language": "en-US,en;q=0.9",
  "cookie": "sessionid=1515530750930"
}
COOKIES=> {
  "sessionid": "1515530750930"
}
BODY=> {}
------------------------------
Wed Jan 10 2018 2:16:47 AM
GET /guest-page.html
HEADERS=> {
  "host": "localhost:5000",
  "connection": "keep-alive",
  "upgrade-insecure-requests": "1",
  "user-agent": "Mozilla/5.0 (Macintosh; Intel Mac OS X 10_12_6) AppleWebKit/537.36 (KHTML, like Gecko) Chrome/63.0.3239.132 Safari/537.36",
  "accept": "text/html,application/xhtml+xml,application/xml;q=0.9,image/webp,image/apng,*/*;q=0.8",
  "referer": "http://localhost:5000/",
  "accept-encoding": "gzip, deflate, br",
  "accept-language": "en-US,en;q=0.9",
  "cookie": "sessionid=1515530750930"
}
COOKIES=> {
  "sessionid": "1515530750930"
}
BODY=> {}
------------------------------
Wed Jan 10 2018 2:16:47 AM
GET /js/renderData.js
HEADERS=> {
  "host": "localhost:5000",
  "connection": "keep-alive",
  "user-agent": "Mozilla/5.0 (Macintosh; Intel Mac OS X 10_12_6) AppleWebKit/537.36 (KHTML, like Gecko) Chrome/63.0.3239.132 Safari/537.36",
  "accept": "*/*",
  "referer": "http://localhost:5000/guest-page.html",
  "accept-encoding": "gzip, deflate, br",
  "accept-language": "en-US,en;q=0.9",
  "cookie": "sessionid=1515530750930"
}
COOKIES=> {
  "sessionid": "1515530750930"
}
BODY=> {}
------------------------------
Wed Jan 10 2018 2:16:47 AM
GET /css/stylesheet.css
HEADERS=> {
  "host": "localhost:5000",
  "connection": "keep-alive",
  "user-agent": "Mozilla/5.0 (Macintosh; Intel Mac OS X 10_12_6) AppleWebKit/537.36 (KHTML, like Gecko) Chrome/63.0.3239.132 Safari/537.36",
  "accept": "text/css,*/*;q=0.1",
  "referer": "http://localhost:5000/guest-page.html",
  "accept-encoding": "gzip, deflate, br",
  "accept-language": "en-US,en;q=0.9",
  "cookie": "sessionid=1515530750930"
}
COOKIES=> {
  "sessionid": "1515530750930"
}
BODY=> {}
------------------------------
Wed Jan 10 2018 2:16:47 AM
GET /data
HEADERS=> {
  "host": "localhost:5000",
  "connection": "keep-alive",
  "user-agent": "Mozilla/5.0 (Macintosh; Intel Mac OS X 10_12_6) AppleWebKit/537.36 (KHTML, like Gecko) Chrome/63.0.3239.132 Safari/537.36",
  "accept": "*/*",
  "referer": "http://localhost:5000/guest-page.html",
  "accept-encoding": "gzip, deflate, br",
  "accept-language": "en-US,en;q=0.9",
  "cookie": "sessionid=1515530750930"
}
COOKIES=> {
  "sessionid": "1515530750930"
}
BODY=> {}
------------------------------
Wed Jan 10 2018 2:16:53 AM
POST /login
HEADERS=> {
  "host": "localhost:5000",
  "connection": "keep-alive",
  "content-length": "17",
  "cache-control": "max-age=0",
  "origin": "http://localhost:5000",
  "upgrade-insecure-requests": "1",
  "content-type": "application/x-www-form-urlencoded",
  "user-agent": "Mozilla/5.0 (Macintosh; Intel Mac OS X 10_12_6) AppleWebKit/537.36 (KHTML, like Gecko) Chrome/63.0.3239.132 Safari/537.36",
  "accept": "text/html,application/xhtml+xml,application/xml;q=0.9,image/webp,image/apng,*/*;q=0.8",
  "referer": "http://localhost:5000/guest-page.html",
  "accept-encoding": "gzip, deflate, br",
  "accept-language": "en-US,en;q=0.9",
  "cookie": "sessionid=1515530750930"
}
COOKIES=> {
  "sessionid": "1515530750930"
}
BODY=> {
  "userName": "ravinder"
}
------------------------------
Wed Jan 10 2018 2:16:53 AM
GET /guest-page.html
HEADERS=> {
  "host": "localhost:5000",
  "connection": "keep-alive",
  "cache-control": "max-age=0",
  "upgrade-insecure-requests": "1",
  "user-agent": "Mozilla/5.0 (Macintosh; Intel Mac OS X 10_12_6) AppleWebKit/537.36 (KHTML, like Gecko) Chrome/63.0.3239.132 Safari/537.36",
  "accept": "text/html,application/xhtml+xml,application/xml;q=0.9,image/webp,image/apng,*/*;q=0.8",
  "referer": "http://localhost:5000/guest-page.html",
  "accept-encoding": "gzip, deflate, br",
  "accept-language": "en-US,en;q=0.9",
  "cookie": "sessionid=1515530813129"
}
COOKIES=> {
  "sessionid": "1515530813129"
}
BODY=> {}
------------------------------
Wed Jan 10 2018 2:16:53 AM
GET /js/renderData.js
HEADERS=> {
  "host": "localhost:5000",
  "connection": "keep-alive",
  "user-agent": "Mozilla/5.0 (Macintosh; Intel Mac OS X 10_12_6) AppleWebKit/537.36 (KHTML, like Gecko) Chrome/63.0.3239.132 Safari/537.36",
  "accept": "*/*",
  "referer": "http://localhost:5000/guest-page.html",
  "accept-encoding": "gzip, deflate, br",
  "accept-language": "en-US,en;q=0.9",
  "cookie": "sessionid=1515530813129"
}
COOKIES=> {
  "sessionid": "1515530813129"
}
BODY=> {}
------------------------------
Wed Jan 10 2018 2:16:53 AM
GET /css/stylesheet.css
HEADERS=> {
  "host": "localhost:5000",
  "connection": "keep-alive",
  "user-agent": "Mozilla/5.0 (Macintosh; Intel Mac OS X 10_12_6) AppleWebKit/537.36 (KHTML, like Gecko) Chrome/63.0.3239.132 Safari/537.36",
  "accept": "text/css,*/*;q=0.1",
  "referer": "http://localhost:5000/guest-page.html",
  "accept-encoding": "gzip, deflate, br",
  "accept-language": "en-US,en;q=0.9",
  "cookie": "sessionid=1515530813129"
}
COOKIES=> {
  "sessionid": "1515530813129"
}
BODY=> {}
------------------------------
Wed Jan 10 2018 2:16:53 AM
GET /data
HEADERS=> {
  "host": "localhost:5000",
  "connection": "keep-alive",
  "user-agent": "Mozilla/5.0 (Macintosh; Intel Mac OS X 10_12_6) AppleWebKit/537.36 (KHTML, like Gecko) Chrome/63.0.3239.132 Safari/537.36",
  "accept": "*/*",
  "referer": "http://localhost:5000/guest-page.html",
  "accept-encoding": "gzip, deflate, br",
  "accept-language": "en-US,en;q=0.9",
  "cookie": "sessionid=1515530813129"
}
COOKIES=> {
  "sessionid": "1515530813129"
}
BODY=> {}
------------------------------
Wed Jan 10 2018 2:17:09 AM
POST /submitComment
HEADERS=> {
  "host": "localhost:5000",
  "connection": "keep-alive",
  "content-length": "36",
  "cache-control": "max-age=0",
  "origin": "http://localhost:5000",
  "upgrade-insecure-requests": "1",
  "content-type": "application/x-www-form-urlencoded",
  "user-agent": "Mozilla/5.0 (Macintosh; Intel Mac OS X 10_12_6) AppleWebKit/537.36 (KHTML, like Gecko) Chrome/63.0.3239.132 Safari/537.36",
  "accept": "text/html,application/xhtml+xml,application/xml;q=0.9,image/webp,image/apng,*/*;q=0.8",
  "referer": "http://localhost:5000/guest-page.html",
  "accept-encoding": "gzip, deflate, br",
  "accept-language": "en-US,en;q=0.9",
  "cookie": "sessionid=1515530813129"
}
COOKIES=> {
  "sessionid": "1515530813129"
}
BODY=> {
  "name": "Ravinder",
  "comment": "My+New+comment"
}
------------------------------
Wed Jan 10 2018 2:19:09 AM
GET /
HEADERS=> {
  "host": "localhost:5000",
  "connection": "keep-alive",
  "user-agent": "Mozilla/5.0 (Macintosh; Intel Mac OS X 10_12_6) AppleWebKit/537.36 (KHTML, like Gecko) Chrome/63.0.3239.132 Safari/537.36",
  "upgrade-insecure-requests": "1",
  "accept": "text/html,application/xhtml+xml,application/xml;q=0.9,image/webp,image/apng,*/*;q=0.8",
  "accept-encoding": "gzip, deflate, br",
  "accept-language": "en-US,en;q=0.9",
  "cookie": "sessionid=1515530813129"
}
COOKIES=> {
  "sessionid": "1515530813129"
}
BODY=> {}
------------------------------
Wed Jan 10 2018 2:19:09 AM
GET /css/stylesheet.css
HEADERS=> {
  "host": "localhost:5000",
  "connection": "keep-alive",
  "user-agent": "Mozilla/5.0 (Macintosh; Intel Mac OS X 10_12_6) AppleWebKit/537.36 (KHTML, like Gecko) Chrome/63.0.3239.132 Safari/537.36",
  "accept": "text/css,*/*;q=0.1",
  "referer": "http://localhost:5000/",
  "accept-encoding": "gzip, deflate, br",
  "accept-language": "en-US,en;q=0.9",
  "cookie": "sessionid=1515530813129"
}
COOKIES=> {
  "sessionid": "1515530813129"
}
BODY=> {}
------------------------------
Wed Jan 10 2018 2:19:09 AM
GET /images/freshorigins.jpg
HEADERS=> {
  "host": "localhost:5000",
  "connection": "keep-alive",
  "user-agent": "Mozilla/5.0 (Macintosh; Intel Mac OS X 10_12_6) AppleWebKit/537.36 (KHTML, like Gecko) Chrome/63.0.3239.132 Safari/537.36",
  "accept": "image/webp,image/apng,image/*,*/*;q=0.8",
  "referer": "http://localhost:5000/",
  "accept-encoding": "gzip, deflate, br",
  "accept-language": "en-US,en;q=0.9",
  "cookie": "sessionid=1515530813129"
}
COOKIES=> {
  "sessionid": "1515530813129"
}
BODY=> {}
------------------------------
Wed Jan 10 2018 2:19:09 AM
GET /images/animated-flower-image.gif
HEADERS=> {
  "host": "localhost:5000",
  "connection": "keep-alive",
  "user-agent": "Mozilla/5.0 (Macintosh; Intel Mac OS X 10_12_6) AppleWebKit/537.36 (KHTML, like Gecko) Chrome/63.0.3239.132 Safari/537.36",
  "accept": "image/webp,image/apng,image/*,*/*;q=0.8",
  "referer": "http://localhost:5000/",
  "accept-encoding": "gzip, deflate, br",
  "accept-language": "en-US,en;q=0.9",
  "cookie": "sessionid=1515530813129"
}
COOKIES=> {
  "sessionid": "1515530813129"
}
BODY=> {}
------------------------------
Wed Jan 10 2018 2:19:11 AM
GET /guest-page.html
HEADERS=> {
  "host": "localhost:5000",
  "connection": "keep-alive",
  "upgrade-insecure-requests": "1",
  "user-agent": "Mozilla/5.0 (Macintosh; Intel Mac OS X 10_12_6) AppleWebKit/537.36 (KHTML, like Gecko) Chrome/63.0.3239.132 Safari/537.36",
  "accept": "text/html,application/xhtml+xml,application/xml;q=0.9,image/webp,image/apng,*/*;q=0.8",
  "referer": "http://localhost:5000/",
  "accept-encoding": "gzip, deflate, br",
  "accept-language": "en-US,en;q=0.9",
  "cookie": "sessionid=1515530813129"
}
COOKIES=> {
  "sessionid": "1515530813129"
}
BODY=> {}
------------------------------
Wed Jan 10 2018 2:19:11 AM
GET /js/renderData.js
HEADERS=> {
  "host": "localhost:5000",
  "connection": "keep-alive",
  "user-agent": "Mozilla/5.0 (Macintosh; Intel Mac OS X 10_12_6) AppleWebKit/537.36 (KHTML, like Gecko) Chrome/63.0.3239.132 Safari/537.36",
  "accept": "*/*",
  "referer": "http://localhost:5000/guest-page.html",
  "accept-encoding": "gzip, deflate, br",
  "accept-language": "en-US,en;q=0.9",
  "cookie": "sessionid=1515530813129"
}
COOKIES=> {
  "sessionid": "1515530813129"
}
BODY=> {}
------------------------------
Wed Jan 10 2018 2:19:11 AM
GET /css/stylesheet.css
HEADERS=> {
  "host": "localhost:5000",
  "connection": "keep-alive",
  "user-agent": "Mozilla/5.0 (Macintosh; Intel Mac OS X 10_12_6) AppleWebKit/537.36 (KHTML, like Gecko) Chrome/63.0.3239.132 Safari/537.36",
  "accept": "text/css,*/*;q=0.1",
  "referer": "http://localhost:5000/guest-page.html",
  "accept-encoding": "gzip, deflate, br",
  "accept-language": "en-US,en;q=0.9",
  "cookie": "sessionid=1515530813129"
}
COOKIES=> {
  "sessionid": "1515530813129"
}
BODY=> {}
------------------------------
Wed Jan 10 2018 2:19:11 AM
GET /data
HEADERS=> {
  "host": "localhost:5000",
  "connection": "keep-alive",
  "user-agent": "Mozilla/5.0 (Macintosh; Intel Mac OS X 10_12_6) AppleWebKit/537.36 (KHTML, like Gecko) Chrome/63.0.3239.132 Safari/537.36",
  "accept": "*/*",
  "referer": "http://localhost:5000/guest-page.html",
  "accept-encoding": "gzip, deflate, br",
  "accept-language": "en-US,en;q=0.9",
  "cookie": "sessionid=1515530813129"
}
COOKIES=> {
  "sessionid": "1515530813129"
}
BODY=> {}
------------------------------
Wed Jan 10 2018 2:19:18 AM
POST /login
HEADERS=> {
  "host": "localhost:5000",
  "connection": "keep-alive",
  "content-length": "17",
  "cache-control": "max-age=0",
  "origin": "http://localhost:5000",
  "upgrade-insecure-requests": "1",
  "content-type": "application/x-www-form-urlencoded",
  "user-agent": "Mozilla/5.0 (Macintosh; Intel Mac OS X 10_12_6) AppleWebKit/537.36 (KHTML, like Gecko) Chrome/63.0.3239.132 Safari/537.36",
  "accept": "text/html,application/xhtml+xml,application/xml;q=0.9,image/webp,image/apng,*/*;q=0.8",
  "referer": "http://localhost:5000/guest-page.html",
  "accept-encoding": "gzip, deflate, br",
  "accept-language": "en-US,en;q=0.9",
  "cookie": "sessionid=1515530813129"
}
COOKIES=> {
  "sessionid": "1515530813129"
}
BODY=> {
  "userName": "ravinder"
}
------------------------------
Wed Jan 10 2018 2:19:18 AM
GET /guest-page.html
HEADERS=> {
  "host": "localhost:5000",
  "connection": "keep-alive",
  "cache-control": "max-age=0",
  "upgrade-insecure-requests": "1",
  "user-agent": "Mozilla/5.0 (Macintosh; Intel Mac OS X 10_12_6) AppleWebKit/537.36 (KHTML, like Gecko) Chrome/63.0.3239.132 Safari/537.36",
  "accept": "text/html,application/xhtml+xml,application/xml;q=0.9,image/webp,image/apng,*/*;q=0.8",
  "referer": "http://localhost:5000/guest-page.html",
  "accept-encoding": "gzip, deflate, br",
  "accept-language": "en-US,en;q=0.9",
  "cookie": "sessionid=1515530958471"
}
COOKIES=> {
  "sessionid": "1515530958471"
}
BODY=> {}
------------------------------
Wed Jan 10 2018 2:19:18 AM
GET /js/renderData.js
HEADERS=> {
  "host": "localhost:5000",
  "connection": "keep-alive",
  "user-agent": "Mozilla/5.0 (Macintosh; Intel Mac OS X 10_12_6) AppleWebKit/537.36 (KHTML, like Gecko) Chrome/63.0.3239.132 Safari/537.36",
  "accept": "*/*",
  "referer": "http://localhost:5000/guest-page.html",
  "accept-encoding": "gzip, deflate, br",
  "accept-language": "en-US,en;q=0.9",
  "cookie": "sessionid=1515530958471"
}
COOKIES=> {
  "sessionid": "1515530958471"
}
BODY=> {}
------------------------------
Wed Jan 10 2018 2:19:18 AM
GET /css/stylesheet.css
HEADERS=> {
  "host": "localhost:5000",
  "connection": "keep-alive",
  "user-agent": "Mozilla/5.0 (Macintosh; Intel Mac OS X 10_12_6) AppleWebKit/537.36 (KHTML, like Gecko) Chrome/63.0.3239.132 Safari/537.36",
  "accept": "text/css,*/*;q=0.1",
  "referer": "http://localhost:5000/guest-page.html",
  "accept-encoding": "gzip, deflate, br",
  "accept-language": "en-US,en;q=0.9",
  "cookie": "sessionid=1515530958471"
}
COOKIES=> {
  "sessionid": "1515530958471"
}
BODY=> {}
------------------------------
Wed Jan 10 2018 2:19:18 AM
GET /data
HEADERS=> {
  "host": "localhost:5000",
  "connection": "keep-alive",
  "user-agent": "Mozilla/5.0 (Macintosh; Intel Mac OS X 10_12_6) AppleWebKit/537.36 (KHTML, like Gecko) Chrome/63.0.3239.132 Safari/537.36",
  "accept": "*/*",
  "referer": "http://localhost:5000/guest-page.html",
  "accept-encoding": "gzip, deflate, br",
  "accept-language": "en-US,en;q=0.9",
  "cookie": "sessionid=1515530958471"
}
COOKIES=> {
  "sessionid": "1515530958471"
}
BODY=> {}
------------------------------
Wed Jan 10 2018 2:20:46 AM
GET /
HEADERS=> {
  "host": "localhost:5000",
  "connection": "keep-alive",
  "user-agent": "Mozilla/5.0 (Macintosh; Intel Mac OS X 10_12_6) AppleWebKit/537.36 (KHTML, like Gecko) Chrome/63.0.3239.132 Safari/537.36",
  "upgrade-insecure-requests": "1",
  "accept": "text/html,application/xhtml+xml,application/xml;q=0.9,image/webp,image/apng,*/*;q=0.8",
  "accept-encoding": "gzip, deflate, br",
  "accept-language": "en-US,en;q=0.9",
  "cookie": "sessionid=1515530958471"
}
COOKIES=> {
  "sessionid": "1515530958471"
}
BODY=> {}
------------------------------
Wed Jan 10 2018 2:20:46 AM
GET /css/stylesheet.css
HEADERS=> {
  "host": "localhost:5000",
  "connection": "keep-alive",
  "user-agent": "Mozilla/5.0 (Macintosh; Intel Mac OS X 10_12_6) AppleWebKit/537.36 (KHTML, like Gecko) Chrome/63.0.3239.132 Safari/537.36",
  "accept": "text/css,*/*;q=0.1",
  "referer": "http://localhost:5000/",
  "accept-encoding": "gzip, deflate, br",
  "accept-language": "en-US,en;q=0.9",
  "cookie": "sessionid=1515530958471"
}
COOKIES=> {
  "sessionid": "1515530958471"
}
BODY=> {}
------------------------------
Wed Jan 10 2018 2:20:46 AM
GET /images/freshorigins.jpg
HEADERS=> {
  "host": "localhost:5000",
  "connection": "keep-alive",
  "user-agent": "Mozilla/5.0 (Macintosh; Intel Mac OS X 10_12_6) AppleWebKit/537.36 (KHTML, like Gecko) Chrome/63.0.3239.132 Safari/537.36",
  "accept": "image/webp,image/apng,image/*,*/*;q=0.8",
  "referer": "http://localhost:5000/",
  "accept-encoding": "gzip, deflate, br",
  "accept-language": "en-US,en;q=0.9",
  "cookie": "sessionid=1515530958471"
}
COOKIES=> {
  "sessionid": "1515530958471"
}
BODY=> {}
------------------------------
Wed Jan 10 2018 2:20:46 AM
GET /images/animated-flower-image.gif
HEADERS=> {
  "host": "localhost:5000",
  "connection": "keep-alive",
  "user-agent": "Mozilla/5.0 (Macintosh; Intel Mac OS X 10_12_6) AppleWebKit/537.36 (KHTML, like Gecko) Chrome/63.0.3239.132 Safari/537.36",
  "accept": "image/webp,image/apng,image/*,*/*;q=0.8",
  "referer": "http://localhost:5000/",
  "accept-encoding": "gzip, deflate, br",
  "accept-language": "en-US,en;q=0.9",
  "cookie": "sessionid=1515530958471"
}
COOKIES=> {
  "sessionid": "1515530958471"
}
BODY=> {}
------------------------------
Wed Jan 10 2018 2:20:48 AM
GET /guest-page.html
HEADERS=> {
  "host": "localhost:5000",
  "connection": "keep-alive",
  "upgrade-insecure-requests": "1",
  "user-agent": "Mozilla/5.0 (Macintosh; Intel Mac OS X 10_12_6) AppleWebKit/537.36 (KHTML, like Gecko) Chrome/63.0.3239.132 Safari/537.36",
  "accept": "text/html,application/xhtml+xml,application/xml;q=0.9,image/webp,image/apng,*/*;q=0.8",
  "referer": "http://localhost:5000/",
  "accept-encoding": "gzip, deflate, br",
  "accept-language": "en-US,en;q=0.9",
  "cookie": "sessionid=1515530958471"
}
COOKIES=> {
  "sessionid": "1515530958471"
}
BODY=> {}
------------------------------
Wed Jan 10 2018 2:20:48 AM
GET /js/renderData.js
HEADERS=> {
  "host": "localhost:5000",
  "connection": "keep-alive",
  "user-agent": "Mozilla/5.0 (Macintosh; Intel Mac OS X 10_12_6) AppleWebKit/537.36 (KHTML, like Gecko) Chrome/63.0.3239.132 Safari/537.36",
  "accept": "*/*",
  "referer": "http://localhost:5000/guest-page.html",
  "accept-encoding": "gzip, deflate, br",
  "accept-language": "en-US,en;q=0.9",
  "cookie": "sessionid=1515530958471"
}
COOKIES=> {
  "sessionid": "1515530958471"
}
BODY=> {}
------------------------------
Wed Jan 10 2018 2:20:48 AM
GET /css/stylesheet.css
HEADERS=> {
  "host": "localhost:5000",
  "connection": "keep-alive",
  "user-agent": "Mozilla/5.0 (Macintosh; Intel Mac OS X 10_12_6) AppleWebKit/537.36 (KHTML, like Gecko) Chrome/63.0.3239.132 Safari/537.36",
  "accept": "text/css,*/*;q=0.1",
  "referer": "http://localhost:5000/guest-page.html",
  "accept-encoding": "gzip, deflate, br",
  "accept-language": "en-US,en;q=0.9",
  "cookie": "sessionid=1515530958471"
}
COOKIES=> {
  "sessionid": "1515530958471"
}
BODY=> {}
------------------------------
Wed Jan 10 2018 2:20:48 AM
GET /data
HEADERS=> {
  "host": "localhost:5000",
  "connection": "keep-alive",
  "user-agent": "Mozilla/5.0 (Macintosh; Intel Mac OS X 10_12_6) AppleWebKit/537.36 (KHTML, like Gecko) Chrome/63.0.3239.132 Safari/537.36",
  "accept": "*/*",
  "referer": "http://localhost:5000/guest-page.html",
  "accept-encoding": "gzip, deflate, br",
  "accept-language": "en-US,en;q=0.9",
  "cookie": "sessionid=1515530958471"
}
COOKIES=> {
  "sessionid": "1515530958471"
}
BODY=> {}
------------------------------
Wed Jan 10 2018 2:20:53 AM
POST /login
HEADERS=> {
  "host": "localhost:5000",
  "connection": "keep-alive",
  "content-length": "17",
  "cache-control": "max-age=0",
  "origin": "http://localhost:5000",
  "upgrade-insecure-requests": "1",
  "content-type": "application/x-www-form-urlencoded",
  "user-agent": "Mozilla/5.0 (Macintosh; Intel Mac OS X 10_12_6) AppleWebKit/537.36 (KHTML, like Gecko) Chrome/63.0.3239.132 Safari/537.36",
  "accept": "text/html,application/xhtml+xml,application/xml;q=0.9,image/webp,image/apng,*/*;q=0.8",
  "referer": "http://localhost:5000/guest-page.html",
  "accept-encoding": "gzip, deflate, br",
  "accept-language": "en-US,en;q=0.9",
  "cookie": "sessionid=1515530958471"
}
COOKIES=> {
  "sessionid": "1515530958471"
}
BODY=> {
  "userName": "ravinder"
}
------------------------------
Wed Jan 10 2018 2:20:53 AM
GET /guest-page.html
HEADERS=> {
  "host": "localhost:5000",
  "connection": "keep-alive",
  "cache-control": "max-age=0",
  "upgrade-insecure-requests": "1",
  "user-agent": "Mozilla/5.0 (Macintosh; Intel Mac OS X 10_12_6) AppleWebKit/537.36 (KHTML, like Gecko) Chrome/63.0.3239.132 Safari/537.36",
  "accept": "text/html,application/xhtml+xml,application/xml;q=0.9,image/webp,image/apng,*/*;q=0.8",
  "referer": "http://localhost:5000/guest-page.html",
  "accept-encoding": "gzip, deflate, br",
  "accept-language": "en-US,en;q=0.9",
  "cookie": "sessionid=1515531053263"
}
COOKIES=> {
  "sessionid": "1515531053263"
}
BODY=> {}
------------------------------
Wed Jan 10 2018 2:20:53 AM
GET /js/renderData.js
HEADERS=> {
  "host": "localhost:5000",
  "connection": "keep-alive",
  "user-agent": "Mozilla/5.0 (Macintosh; Intel Mac OS X 10_12_6) AppleWebKit/537.36 (KHTML, like Gecko) Chrome/63.0.3239.132 Safari/537.36",
  "accept": "*/*",
  "referer": "http://localhost:5000/guest-page.html",
  "accept-encoding": "gzip, deflate, br",
  "accept-language": "en-US,en;q=0.9",
  "cookie": "sessionid=1515531053263"
}
COOKIES=> {
  "sessionid": "1515531053263"
}
BODY=> {}
------------------------------
Wed Jan 10 2018 2:20:53 AM
GET /css/stylesheet.css
HEADERS=> {
  "host": "localhost:5000",
  "connection": "keep-alive",
  "user-agent": "Mozilla/5.0 (Macintosh; Intel Mac OS X 10_12_6) AppleWebKit/537.36 (KHTML, like Gecko) Chrome/63.0.3239.132 Safari/537.36",
  "accept": "text/css,*/*;q=0.1",
  "referer": "http://localhost:5000/guest-page.html",
  "accept-encoding": "gzip, deflate, br",
  "accept-language": "en-US,en;q=0.9",
  "cookie": "sessionid=1515531053263"
}
COOKIES=> {
  "sessionid": "1515531053263"
}
BODY=> {}
------------------------------
Wed Jan 10 2018 2:20:53 AM
GET /data
HEADERS=> {
  "host": "localhost:5000",
  "connection": "keep-alive",
  "user-agent": "Mozilla/5.0 (Macintosh; Intel Mac OS X 10_12_6) AppleWebKit/537.36 (KHTML, like Gecko) Chrome/63.0.3239.132 Safari/537.36",
  "accept": "*/*",
  "referer": "http://localhost:5000/guest-page.html",
  "accept-encoding": "gzip, deflate, br",
  "accept-language": "en-US,en;q=0.9",
  "cookie": "sessionid=1515531053263"
}
COOKIES=> {
  "sessionid": "1515531053263"
}
BODY=> {}
------------------------------
Wed Jan 10 2018 2:22:50 AM
GET /
HEADERS=> {
  "host": "localhost:5000",
  "connection": "keep-alive",
  "user-agent": "Mozilla/5.0 (Macintosh; Intel Mac OS X 10_12_6) AppleWebKit/537.36 (KHTML, like Gecko) Chrome/63.0.3239.132 Safari/537.36",
  "upgrade-insecure-requests": "1",
  "accept": "text/html,application/xhtml+xml,application/xml;q=0.9,image/webp,image/apng,*/*;q=0.8",
  "accept-encoding": "gzip, deflate, br",
  "accept-language": "en-US,en;q=0.9",
  "cookie": "sessionid=1515531053263"
}
COOKIES=> {
  "sessionid": "1515531053263"
}
BODY=> {}
------------------------------
Wed Jan 10 2018 2:22:50 AM
GET /css/stylesheet.css
HEADERS=> {
  "host": "localhost:5000",
  "connection": "keep-alive",
  "user-agent": "Mozilla/5.0 (Macintosh; Intel Mac OS X 10_12_6) AppleWebKit/537.36 (KHTML, like Gecko) Chrome/63.0.3239.132 Safari/537.36",
  "accept": "text/css,*/*;q=0.1",
  "referer": "http://localhost:5000/",
  "accept-encoding": "gzip, deflate, br",
  "accept-language": "en-US,en;q=0.9",
  "cookie": "sessionid=1515531053263"
}
COOKIES=> {
  "sessionid": "1515531053263"
}
BODY=> {}
------------------------------
Wed Jan 10 2018 2:22:50 AM
GET /images/freshorigins.jpg
HEADERS=> {
  "host": "localhost:5000",
  "connection": "keep-alive",
  "user-agent": "Mozilla/5.0 (Macintosh; Intel Mac OS X 10_12_6) AppleWebKit/537.36 (KHTML, like Gecko) Chrome/63.0.3239.132 Safari/537.36",
  "accept": "image/webp,image/apng,image/*,*/*;q=0.8",
  "referer": "http://localhost:5000/",
  "accept-encoding": "gzip, deflate, br",
  "accept-language": "en-US,en;q=0.9",
  "cookie": "sessionid=1515531053263"
}
COOKIES=> {
  "sessionid": "1515531053263"
}
BODY=> {}
------------------------------
Wed Jan 10 2018 2:22:50 AM
GET /images/animated-flower-image.gif
HEADERS=> {
  "host": "localhost:5000",
  "connection": "keep-alive",
  "user-agent": "Mozilla/5.0 (Macintosh; Intel Mac OS X 10_12_6) AppleWebKit/537.36 (KHTML, like Gecko) Chrome/63.0.3239.132 Safari/537.36",
  "accept": "image/webp,image/apng,image/*,*/*;q=0.8",
  "referer": "http://localhost:5000/",
  "accept-encoding": "gzip, deflate, br",
  "accept-language": "en-US,en;q=0.9",
  "cookie": "sessionid=1515531053263"
}
COOKIES=> {
  "sessionid": "1515531053263"
}
BODY=> {}
------------------------------
Wed Jan 10 2018 2:22:52 AM
GET /guest-page.html
HEADERS=> {
  "host": "localhost:5000",
  "connection": "keep-alive",
  "upgrade-insecure-requests": "1",
  "user-agent": "Mozilla/5.0 (Macintosh; Intel Mac OS X 10_12_6) AppleWebKit/537.36 (KHTML, like Gecko) Chrome/63.0.3239.132 Safari/537.36",
  "accept": "text/html,application/xhtml+xml,application/xml;q=0.9,image/webp,image/apng,*/*;q=0.8",
  "referer": "http://localhost:5000/",
  "accept-encoding": "gzip, deflate, br",
  "accept-language": "en-US,en;q=0.9",
  "cookie": "sessionid=1515531053263"
}
COOKIES=> {
  "sessionid": "1515531053263"
}
BODY=> {}
------------------------------
Wed Jan 10 2018 2:22:52 AM
GET /js/renderData.js
HEADERS=> {
  "host": "localhost:5000",
  "connection": "keep-alive",
  "user-agent": "Mozilla/5.0 (Macintosh; Intel Mac OS X 10_12_6) AppleWebKit/537.36 (KHTML, like Gecko) Chrome/63.0.3239.132 Safari/537.36",
  "accept": "*/*",
  "referer": "http://localhost:5000/guest-page.html",
  "accept-encoding": "gzip, deflate, br",
  "accept-language": "en-US,en;q=0.9",
  "cookie": "sessionid=1515531053263"
}
COOKIES=> {
  "sessionid": "1515531053263"
}
BODY=> {}
------------------------------
Wed Jan 10 2018 2:22:52 AM
GET /css/stylesheet.css
HEADERS=> {
  "host": "localhost:5000",
  "connection": "keep-alive",
  "user-agent": "Mozilla/5.0 (Macintosh; Intel Mac OS X 10_12_6) AppleWebKit/537.36 (KHTML, like Gecko) Chrome/63.0.3239.132 Safari/537.36",
  "accept": "text/css,*/*;q=0.1",
  "referer": "http://localhost:5000/guest-page.html",
  "accept-encoding": "gzip, deflate, br",
  "accept-language": "en-US,en;q=0.9",
  "cookie": "sessionid=1515531053263"
}
COOKIES=> {
  "sessionid": "1515531053263"
}
BODY=> {}
------------------------------
Wed Jan 10 2018 2:22:52 AM
GET /data
HEADERS=> {
  "host": "localhost:5000",
  "connection": "keep-alive",
  "user-agent": "Mozilla/5.0 (Macintosh; Intel Mac OS X 10_12_6) AppleWebKit/537.36 (KHTML, like Gecko) Chrome/63.0.3239.132 Safari/537.36",
  "accept": "*/*",
  "referer": "http://localhost:5000/guest-page.html",
  "accept-encoding": "gzip, deflate, br",
  "accept-language": "en-US,en;q=0.9",
  "cookie": "sessionid=1515531053263"
}
COOKIES=> {
  "sessionid": "1515531053263"
}
BODY=> {}
------------------------------
Wed Jan 10 2018 2:22:55 AM
POST /login
HEADERS=> {
  "host": "localhost:5000",
  "connection": "keep-alive",
  "content-length": "17",
  "cache-control": "max-age=0",
  "origin": "http://localhost:5000",
  "upgrade-insecure-requests": "1",
  "content-type": "application/x-www-form-urlencoded",
  "user-agent": "Mozilla/5.0 (Macintosh; Intel Mac OS X 10_12_6) AppleWebKit/537.36 (KHTML, like Gecko) Chrome/63.0.3239.132 Safari/537.36",
  "accept": "text/html,application/xhtml+xml,application/xml;q=0.9,image/webp,image/apng,*/*;q=0.8",
  "referer": "http://localhost:5000/guest-page.html",
  "accept-encoding": "gzip, deflate, br",
  "accept-language": "en-US,en;q=0.9",
  "cookie": "sessionid=1515531053263"
}
COOKIES=> {
  "sessionid": "1515531053263"
}
BODY=> {
  "userName": "ravinder"
}
------------------------------
Wed Jan 10 2018 2:22:55 AM
GET /guest-page.html
HEADERS=> {
  "host": "localhost:5000",
  "connection": "keep-alive",
  "cache-control": "max-age=0",
  "upgrade-insecure-requests": "1",
  "user-agent": "Mozilla/5.0 (Macintosh; Intel Mac OS X 10_12_6) AppleWebKit/537.36 (KHTML, like Gecko) Chrome/63.0.3239.132 Safari/537.36",
  "accept": "text/html,application/xhtml+xml,application/xml;q=0.9,image/webp,image/apng,*/*;q=0.8",
  "referer": "http://localhost:5000/guest-page.html",
  "accept-encoding": "gzip, deflate, br",
  "accept-language": "en-US,en;q=0.9",
  "cookie": "sessionid=1515531175852"
}
COOKIES=> {
  "sessionid": "1515531175852"
}
BODY=> {}
------------------------------
Wed Jan 10 2018 2:22:55 AM
GET /js/renderData.js
HEADERS=> {
  "host": "localhost:5000",
  "connection": "keep-alive",
  "user-agent": "Mozilla/5.0 (Macintosh; Intel Mac OS X 10_12_6) AppleWebKit/537.36 (KHTML, like Gecko) Chrome/63.0.3239.132 Safari/537.36",
  "accept": "*/*",
  "referer": "http://localhost:5000/guest-page.html",
  "accept-encoding": "gzip, deflate, br",
  "accept-language": "en-US,en;q=0.9",
  "cookie": "sessionid=1515531175852"
}
COOKIES=> {
  "sessionid": "1515531175852"
}
BODY=> {}
------------------------------
Wed Jan 10 2018 2:22:55 AM
GET /css/stylesheet.css
HEADERS=> {
  "host": "localhost:5000",
  "connection": "keep-alive",
  "user-agent": "Mozilla/5.0 (Macintosh; Intel Mac OS X 10_12_6) AppleWebKit/537.36 (KHTML, like Gecko) Chrome/63.0.3239.132 Safari/537.36",
  "accept": "text/css,*/*;q=0.1",
  "referer": "http://localhost:5000/guest-page.html",
  "accept-encoding": "gzip, deflate, br",
  "accept-language": "en-US,en;q=0.9",
  "cookie": "sessionid=1515531175852"
}
COOKIES=> {
  "sessionid": "1515531175852"
}
BODY=> {}
------------------------------
Wed Jan 10 2018 2:22:55 AM
GET /data
HEADERS=> {
  "host": "localhost:5000",
  "connection": "keep-alive",
  "user-agent": "Mozilla/5.0 (Macintosh; Intel Mac OS X 10_12_6) AppleWebKit/537.36 (KHTML, like Gecko) Chrome/63.0.3239.132 Safari/537.36",
  "accept": "*/*",
  "referer": "http://localhost:5000/guest-page.html",
  "accept-encoding": "gzip, deflate, br",
  "accept-language": "en-US,en;q=0.9",
  "cookie": "sessionid=1515531175852"
}
COOKIES=> {
  "sessionid": "1515531175852"
}
BODY=> {}
------------------------------
Wed Jan 10 2018 2:23:02 AM
POST /submitComment
HEADERS=> {
  "host": "localhost:5000",
  "connection": "keep-alive",
  "content-length": "26",
  "cache-control": "max-age=0",
  "origin": "http://localhost:5000",
  "upgrade-insecure-requests": "1",
  "content-type": "application/x-www-form-urlencoded",
  "user-agent": "Mozilla/5.0 (Macintosh; Intel Mac OS X 10_12_6) AppleWebKit/537.36 (KHTML, like Gecko) Chrome/63.0.3239.132 Safari/537.36",
  "accept": "text/html,application/xhtml+xml,application/xml;q=0.9,image/webp,image/apng,*/*;q=0.8",
  "referer": "http://localhost:5000/guest-page.html",
  "accept-encoding": "gzip, deflate, br",
  "accept-language": "en-US,en;q=0.9",
  "cookie": "sessionid=1515531175852"
}
COOKIES=> {
  "sessionid": "1515531175852"
}
BODY=> {
  "name": "Ravinder",
  "comment": "Nice"
}
------------------------------
Wed Jan 10 2018 2:23:02 AM
GET /guest-page.html
HEADERS=> {
  "host": "localhost:5000",
  "connection": "keep-alive",
  "cache-control": "max-age=0",
  "upgrade-insecure-requests": "1",
  "user-agent": "Mozilla/5.0 (Macintosh; Intel Mac OS X 10_12_6) AppleWebKit/537.36 (KHTML, like Gecko) Chrome/63.0.3239.132 Safari/537.36",
  "accept": "text/html,application/xhtml+xml,application/xml;q=0.9,image/webp,image/apng,*/*;q=0.8",
  "referer": "http://localhost:5000/guest-page.html",
  "accept-encoding": "gzip, deflate, br",
  "accept-language": "en-US,en;q=0.9",
  "cookie": "sessionid=1515531175852"
}
COOKIES=> {
  "sessionid": "1515531175852"
}
BODY=> {}
------------------------------
Wed Jan 10 2018 2:23:02 AM
GET /js/renderData.js
HEADERS=> {
  "host": "localhost:5000",
  "connection": "keep-alive",
  "user-agent": "Mozilla/5.0 (Macintosh; Intel Mac OS X 10_12_6) AppleWebKit/537.36 (KHTML, like Gecko) Chrome/63.0.3239.132 Safari/537.36",
  "accept": "*/*",
  "referer": "http://localhost:5000/guest-page.html",
  "accept-encoding": "gzip, deflate, br",
  "accept-language": "en-US,en;q=0.9",
  "cookie": "sessionid=1515531175852"
}
COOKIES=> {
  "sessionid": "1515531175852"
}
BODY=> {}
------------------------------
Wed Jan 10 2018 2:23:02 AM
GET /css/stylesheet.css
HEADERS=> {
  "host": "localhost:5000",
  "connection": "keep-alive",
  "user-agent": "Mozilla/5.0 (Macintosh; Intel Mac OS X 10_12_6) AppleWebKit/537.36 (KHTML, like Gecko) Chrome/63.0.3239.132 Safari/537.36",
  "accept": "text/css,*/*;q=0.1",
  "referer": "http://localhost:5000/guest-page.html",
  "accept-encoding": "gzip, deflate, br",
  "accept-language": "en-US,en;q=0.9",
  "cookie": "sessionid=1515531175852"
}
COOKIES=> {
  "sessionid": "1515531175852"
}
BODY=> {}
------------------------------
Wed Jan 10 2018 2:23:02 AM
GET /data
HEADERS=> {
  "host": "localhost:5000",
  "connection": "keep-alive",
  "user-agent": "Mozilla/5.0 (Macintosh; Intel Mac OS X 10_12_6) AppleWebKit/537.36 (KHTML, like Gecko) Chrome/63.0.3239.132 Safari/537.36",
  "accept": "*/*",
  "referer": "http://localhost:5000/guest-page.html",
  "accept-encoding": "gzip, deflate, br",
  "accept-language": "en-US,en;q=0.9",
  "cookie": "sessionid=1515531175852"
}
COOKIES=> {
  "sessionid": "1515531175852"
}
BODY=> {}
------------------------------
Wed Jan 10 2018 2:23:44 AM
GET /
HEADERS=> {
  "host": "localhost:5000",
  "connection": "keep-alive",
  "cache-control": "max-age=0",
  "user-agent": "Mozilla/5.0 (Macintosh; Intel Mac OS X 10_12_6) AppleWebKit/537.36 (KHTML, like Gecko) Chrome/63.0.3239.132 Safari/537.36",
  "upgrade-insecure-requests": "1",
  "accept": "text/html,application/xhtml+xml,application/xml;q=0.9,image/webp,image/apng,*/*;q=0.8",
  "accept-encoding": "gzip, deflate, br",
  "accept-language": "en-US,en;q=0.9",
  "cookie": "sessionid=1515531175852"
}
COOKIES=> {
  "sessionid": "1515531175852"
}
BODY=> {}
------------------------------
Wed Jan 10 2018 2:23:44 AM
GET /css/stylesheet.css
HEADERS=> {
  "host": "localhost:5000",
  "connection": "keep-alive",
  "user-agent": "Mozilla/5.0 (Macintosh; Intel Mac OS X 10_12_6) AppleWebKit/537.36 (KHTML, like Gecko) Chrome/63.0.3239.132 Safari/537.36",
  "accept": "text/css,*/*;q=0.1",
  "referer": "http://localhost:5000/",
  "accept-encoding": "gzip, deflate, br",
  "accept-language": "en-US,en;q=0.9",
  "cookie": "sessionid=1515531175852"
}
COOKIES=> {
  "sessionid": "1515531175852"
}
BODY=> {}
------------------------------
Wed Jan 10 2018 2:23:44 AM
GET /images/freshorigins.jpg
HEADERS=> {
  "host": "localhost:5000",
  "connection": "keep-alive",
  "user-agent": "Mozilla/5.0 (Macintosh; Intel Mac OS X 10_12_6) AppleWebKit/537.36 (KHTML, like Gecko) Chrome/63.0.3239.132 Safari/537.36",
  "accept": "image/webp,image/apng,image/*,*/*;q=0.8",
  "referer": "http://localhost:5000/",
  "accept-encoding": "gzip, deflate, br",
  "accept-language": "en-US,en;q=0.9",
  "cookie": "sessionid=1515531175852"
}
COOKIES=> {
  "sessionid": "1515531175852"
}
BODY=> {}
------------------------------
Wed Jan 10 2018 2:23:44 AM
GET /images/animated-flower-image.gif
HEADERS=> {
  "host": "localhost:5000",
  "connection": "keep-alive",
  "user-agent": "Mozilla/5.0 (Macintosh; Intel Mac OS X 10_12_6) AppleWebKit/537.36 (KHTML, like Gecko) Chrome/63.0.3239.132 Safari/537.36",
  "accept": "image/webp,image/apng,image/*,*/*;q=0.8",
  "referer": "http://localhost:5000/",
  "accept-encoding": "gzip, deflate, br",
  "accept-language": "en-US,en;q=0.9",
  "cookie": "sessionid=1515531175852"
}
COOKIES=> {
  "sessionid": "1515531175852"
}
BODY=> {}
------------------------------
Wed Jan 10 2018 2:23:46 AM
GET /guest-page.html
HEADERS=> {
  "host": "localhost:5000",
  "connection": "keep-alive",
  "upgrade-insecure-requests": "1",
  "user-agent": "Mozilla/5.0 (Macintosh; Intel Mac OS X 10_12_6) AppleWebKit/537.36 (KHTML, like Gecko) Chrome/63.0.3239.132 Safari/537.36",
  "accept": "text/html,application/xhtml+xml,application/xml;q=0.9,image/webp,image/apng,*/*;q=0.8",
  "referer": "http://localhost:5000/",
  "accept-encoding": "gzip, deflate, br",
  "accept-language": "en-US,en;q=0.9",
  "cookie": "sessionid=1515531175852"
}
COOKIES=> {
  "sessionid": "1515531175852"
}
BODY=> {}
------------------------------
Wed Jan 10 2018 2:23:46 AM
GET /js/renderData.js
HEADERS=> {
  "host": "localhost:5000",
  "connection": "keep-alive",
  "user-agent": "Mozilla/5.0 (Macintosh; Intel Mac OS X 10_12_6) AppleWebKit/537.36 (KHTML, like Gecko) Chrome/63.0.3239.132 Safari/537.36",
  "accept": "*/*",
  "referer": "http://localhost:5000/guest-page.html",
  "accept-encoding": "gzip, deflate, br",
  "accept-language": "en-US,en;q=0.9",
  "cookie": "sessionid=1515531175852"
}
COOKIES=> {
  "sessionid": "1515531175852"
}
BODY=> {}
------------------------------
Wed Jan 10 2018 2:23:46 AM
GET /css/stylesheet.css
HEADERS=> {
  "host": "localhost:5000",
  "connection": "keep-alive",
  "user-agent": "Mozilla/5.0 (Macintosh; Intel Mac OS X 10_12_6) AppleWebKit/537.36 (KHTML, like Gecko) Chrome/63.0.3239.132 Safari/537.36",
  "accept": "text/css,*/*;q=0.1",
  "referer": "http://localhost:5000/guest-page.html",
  "accept-encoding": "gzip, deflate, br",
  "accept-language": "en-US,en;q=0.9",
  "cookie": "sessionid=1515531175852"
}
COOKIES=> {
  "sessionid": "1515531175852"
}
BODY=> {}
------------------------------
Wed Jan 10 2018 2:23:46 AM
GET /data
HEADERS=> {
  "host": "localhost:5000",
  "connection": "keep-alive",
  "user-agent": "Mozilla/5.0 (Macintosh; Intel Mac OS X 10_12_6) AppleWebKit/537.36 (KHTML, like Gecko) Chrome/63.0.3239.132 Safari/537.36",
  "accept": "*/*",
  "referer": "http://localhost:5000/guest-page.html",
  "accept-encoding": "gzip, deflate, br",
  "accept-language": "en-US,en;q=0.9",
  "cookie": "sessionid=1515531175852"
}
COOKIES=> {
  "sessionid": "1515531175852"
}
BODY=> {}
